{"/home/cassiocappellari/projetos/node-tdd-jest-app/src/app.js": {"path":"/home/cassiocappellari/projetos/node-tdd-jest-app/src/app.js","all":false,"statementMap":{"0":{"start":{"line":1,"column":0},"end":{"line":1,"column":26}},"1":{"start":{"line":2,"column":0},"end":{"line":2,"column":75}},"2":{"start":{"line":3,"column":0},"end":{"line":3,"column":2}},"3":{"start":{"line":4,"column":0},"end":{"line":4,"column":0}},"4":{"start":{"line":5,"column":0},"end":{"line":5,"column":34}},"5":{"start":{"line":6,"column":0},"end":{"line":6,"column":0}},"6":{"start":{"line":7,"column":0},"end":{"line":7,"column":21}},"7":{"start":{"line":8,"column":0},"end":{"line":8,"column":19}},"8":{"start":{"line":9,"column":0},"end":{"line":9,"column":32}},"9":{"start":{"line":10,"column":0},"end":{"line":10,"column":0}},"10":{"start":{"line":11,"column":0},"end":{"line":11,"column":26}},"11":{"start":{"line":12,"column":0},"end":{"line":12,"column":21}},"12":{"start":{"line":13,"column":0},"end":{"line":13,"column":5}},"13":{"start":{"line":14,"column":0},"end":{"line":14,"column":0}},"14":{"start":{"line":15,"column":0},"end":{"line":15,"column":19}},"15":{"start":{"line":16,"column":0},"end":{"line":16,"column":40}},"16":{"start":{"line":17,"column":0},"end":{"line":17,"column":0}},"17":{"start":{"line":18,"column":0},"end":{"line":18,"column":5}},"18":{"start":{"line":19,"column":0},"end":{"line":19,"column":0}},"19":{"start":{"line":20,"column":0},"end":{"line":20,"column":14}},"20":{"start":{"line":21,"column":0},"end":{"line":21,"column":45}},"21":{"start":{"line":22,"column":0},"end":{"line":22,"column":5}},"22":{"start":{"line":23,"column":0},"end":{"line":23,"column":1}},"23":{"start":{"line":24,"column":0},"end":{"line":24,"column":0}},"24":{"start":{"line":25,"column":0},"end":{"line":25,"column":44}}},"s":{"0":1,"1":1,"2":1,"3":1,"4":1,"5":1,"6":1,"7":1,"8":1,"9":1,"10":1,"11":1,"12":1,"13":1,"14":1,"15":1,"16":1,"17":1,"18":1,"19":1,"20":1,"21":1,"22":1,"23":1,"24":1},"branchMap":{"0":{"type":"branch","line":2,"loc":{"start":{"line":2,"column":10},"end":{"line":2,"column":75}},"locations":[{"start":{"line":2,"column":10},"end":{"line":2,"column":75}}]},"1":{"type":"branch","line":8,"loc":{"start":{"line":8,"column":4},"end":{"line":13,"column":5}},"locations":[{"start":{"line":8,"column":4},"end":{"line":13,"column":5}}]},"2":{"type":"branch","line":15,"loc":{"start":{"line":15,"column":4},"end":{"line":18,"column":5}},"locations":[{"start":{"line":15,"column":4},"end":{"line":18,"column":5}}]},"3":{"type":"branch","line":20,"loc":{"start":{"line":20,"column":4},"end":{"line":22,"column":5}},"locations":[{"start":{"line":20,"column":4},"end":{"line":22,"column":5}}]}},"b":{"0":[0],"1":[1],"2":[1],"3":[1]},"fnMap":{"0":{"name":"AppController","decl":{"start":{"line":8,"column":4},"end":{"line":13,"column":5}},"loc":{"start":{"line":8,"column":4},"end":{"line":13,"column":5}},"line":8},"1":{"name":"middlewares","decl":{"start":{"line":15,"column":4},"end":{"line":18,"column":5}},"loc":{"start":{"line":15,"column":4},"end":{"line":18,"column":5}},"line":15},"2":{"name":"routes","decl":{"start":{"line":20,"column":4},"end":{"line":22,"column":5}},"loc":{"start":{"line":20,"column":4},"end":{"line":22,"column":5}},"line":20}},"f":{"0":1,"1":1,"2":1}}
,"/home/cassiocappellari/projetos/node-tdd-jest-app/src/routes.js": {"path":"/home/cassiocappellari/projetos/node-tdd-jest-app/src/routes.js","all":false,"statementMap":{"0":{"start":{"line":1,"column":0},"end":{"line":1,"column":42}},"1":{"start":{"line":2,"column":0},"end":{"line":2,"column":60}},"2":{"start":{"line":3,"column":0},"end":{"line":3,"column":72}},"3":{"start":{"line":4,"column":0},"end":{"line":4,"column":0}},"4":{"start":{"line":5,"column":0},"end":{"line":5,"column":49}},"5":{"start":{"line":6,"column":0},"end":{"line":6,"column":0}},"6":{"start":{"line":7,"column":0},"end":{"line":7,"column":26}},"7":{"start":{"line":8,"column":0},"end":{"line":8,"column":0}},"8":{"start":{"line":9,"column":0},"end":{"line":9,"column":40}},"9":{"start":{"line":10,"column":0},"end":{"line":10,"column":33}},"10":{"start":{"line":11,"column":0},"end":{"line":11,"column":2}},"11":{"start":{"line":12,"column":0},"end":{"line":12,"column":0}},"12":{"start":{"line":13,"column":0},"end":{"line":13,"column":23}}},"s":{"0":1,"1":1,"2":1,"3":1,"4":1,"5":1,"6":1,"7":1,"8":1,"9":1,"10":1,"11":1,"12":1},"branchMap":{"0":{"type":"branch","line":9,"loc":{"start":{"line":9,"column":25},"end":{"line":11,"column":2}},"locations":[{"start":{"line":9,"column":25},"end":{"line":11,"column":2}}]}},"b":{"0":[1]},"fnMap":{"0":{"name":"Object.<anonymous>.routes.get","decl":{"start":{"line":9,"column":25},"end":{"line":11,"column":2}},"loc":{"start":{"line":9,"column":25},"end":{"line":11,"column":2}},"line":9}},"f":{"0":1}}
,"/home/cassiocappellari/projetos/node-tdd-jest-app/src/server.js": {"path":"/home/cassiocappellari/projetos/node-tdd-jest-app/src/server.js","all":true,"statementMap":{"0":{"start":{"line":1,"column":0},"end":{"line":1,"column":28}},"1":{"start":{"line":2,"column":0},"end":{"line":2,"column":0}},"2":{"start":{"line":3,"column":0},"end":{"line":3,"column":36}}},"s":{"0":0,"1":0,"2":0},"branchMap":{"0":{"type":"branch","line":1,"loc":{"start":{"line":1,"column":0},"end":{"line":3,"column":36}},"locations":[{"start":{"line":1,"column":0},"end":{"line":3,"column":36}}]}},"b":{"0":[0]},"fnMap":{"0":{"name":"(empty-report)","decl":{"start":{"line":1,"column":0},"end":{"line":3,"column":36}},"loc":{"start":{"line":1,"column":0},"end":{"line":3,"column":36}},"line":1}},"f":{"0":0}}
,"/home/cassiocappellari/projetos/node-tdd-jest-app/src/app/controllers/SessionController.js": {"path":"/home/cassiocappellari/projetos/node-tdd-jest-app/src/app/controllers/SessionController.js","all":false,"statementMap":{"0":{"start":{"line":1,"column":0},"end":{"line":1,"column":35}},"1":{"start":{"line":2,"column":0},"end":{"line":2,"column":0}},"2":{"start":{"line":3,"column":0},"end":{"line":3,"column":25}},"3":{"start":{"line":4,"column":0},"end":{"line":4,"column":27}},"4":{"start":{"line":5,"column":0},"end":{"line":5,"column":42}},"5":{"start":{"line":6,"column":0},"end":{"line":6,"column":0}},"6":{"start":{"line":7,"column":0},"end":{"line":7,"column":57}},"7":{"start":{"line":8,"column":0},"end":{"line":8,"column":0}},"8":{"start":{"line":9,"column":0},"end":{"line":9,"column":20}},"9":{"start":{"line":10,"column":0},"end":{"line":10,"column":68}},"10":{"start":{"line":11,"column":0},"end":{"line":11,"column":9}},"11":{"start":{"line":12,"column":0},"end":{"line":12,"column":0}},"12":{"start":{"line":13,"column":0},"end":{"line":13,"column":52}},"13":{"start":{"line":14,"column":0},"end":{"line":14,"column":70}},"14":{"start":{"line":15,"column":0},"end":{"line":15,"column":9}},"15":{"start":{"line":16,"column":0},"end":{"line":16,"column":0}},"16":{"start":{"line":17,"column":0},"end":{"line":17,"column":25}},"17":{"start":{"line":18,"column":0},"end":{"line":18,"column":17}},"18":{"start":{"line":19,"column":0},"end":{"line":19,"column":39}},"19":{"start":{"line":20,"column":0},"end":{"line":20,"column":10}},"20":{"start":{"line":21,"column":0},"end":{"line":21,"column":5}},"21":{"start":{"line":22,"column":0},"end":{"line":22,"column":1}},"22":{"start":{"line":23,"column":0},"end":{"line":23,"column":0}},"23":{"start":{"line":24,"column":0},"end":{"line":24,"column":40}}},"s":{"0":1,"1":1,"2":1,"3":1,"4":9,"5":9,"6":9,"7":3,"8":9,"9":0,"10":0,"11":3,"12":9,"13":1,"14":1,"15":2,"16":9,"17":0,"18":0,"19":0,"20":0,"21":1,"22":1,"23":1},"branchMap":{"0":{"type":"branch","line":3,"loc":{"start":{"line":3,"column":0},"end":{"line":3,"column":6}},"locations":[{"start":{"line":3,"column":0},"end":{"line":3,"column":6}}]},"1":{"type":"branch","line":4,"loc":{"start":{"line":4,"column":4},"end":{"line":21,"column":5}},"locations":[{"start":{"line":4,"column":4},"end":{"line":21,"column":5}}]},"2":{"type":"branch","line":7,"loc":{"start":{"line":7,"column":8},"end":{"line":9,"column":12}},"locations":[{"start":{"line":7,"column":8},"end":{"line":9,"column":12}}]},"3":{"type":"branch","line":9,"loc":{"start":{"line":9,"column":19},"end":{"line":11,"column":9}},"locations":[{"start":{"line":9,"column":19},"end":{"line":11,"column":9}}]},"4":{"type":"branch","line":12,"loc":{"start":{"line":12,"column":-1},"end":{"line":13,"column":12}},"locations":[{"start":{"line":12,"column":-1},"end":{"line":13,"column":12}}]},"5":{"type":"branch","line":13,"loc":{"start":{"line":13,"column":51},"end":{"line":15,"column":9}},"locations":[{"start":{"line":13,"column":51},"end":{"line":15,"column":9}}]},"6":{"type":"branch","line":16,"loc":{"start":{"line":16,"column":-1},"end":{"line":17,"column":15}},"locations":[{"start":{"line":16,"column":-1},"end":{"line":17,"column":15}}]},"7":{"type":"branch","line":17,"loc":{"start":{"line":17,"column":8},"end":{"line":21,"column":5}},"locations":[{"start":{"line":17,"column":8},"end":{"line":21,"column":5}}]}},"b":{"0":[1],"1":[9],"2":[3],"3":[0],"4":[3],"5":[1],"6":[2],"7":[0]},"fnMap":{"0":{"name":"SessionController","decl":{"start":{"line":3,"column":0},"end":{"line":3,"column":6}},"loc":{"start":{"line":3,"column":0},"end":{"line":3,"column":6}},"line":3},"1":{"name":"store","decl":{"start":{"line":4,"column":4},"end":{"line":21,"column":5}},"loc":{"start":{"line":4,"column":4},"end":{"line":21,"column":5}},"line":4}},"f":{"0":1,"1":9}}
,"/home/cassiocappellari/projetos/node-tdd-jest-app/src/app/middleware/auth.js": {"path":"/home/cassiocappellari/projetos/node-tdd-jest-app/src/app/middleware/auth.js","all":false,"statementMap":{"0":{"start":{"line":1,"column":0},"end":{"line":1,"column":35}},"1":{"start":{"line":2,"column":0},"end":{"line":2,"column":35}},"2":{"start":{"line":3,"column":0},"end":{"line":3,"column":0}},"3":{"start":{"line":4,"column":0},"end":{"line":4,"column":44}},"4":{"start":{"line":5,"column":0},"end":{"line":5,"column":47}},"5":{"start":{"line":6,"column":0},"end":{"line":6,"column":3}},"6":{"start":{"line":7,"column":0},"end":{"line":7,"column":21}},"7":{"start":{"line":8,"column":0},"end":{"line":8,"column":68}},"8":{"start":{"line":9,"column":0},"end":{"line":9,"column":4}},"9":{"start":{"line":10,"column":0},"end":{"line":10,"column":0}},"10":{"start":{"line":11,"column":0},"end":{"line":11,"column":41}},"11":{"start":{"line":12,"column":0},"end":{"line":12,"column":0}},"12":{"start":{"line":13,"column":0},"end":{"line":13,"column":8}},"13":{"start":{"line":14,"column":0},"end":{"line":14,"column":82}},"14":{"start":{"line":15,"column":0},"end":{"line":15,"column":0}},"15":{"start":{"line":16,"column":0},"end":{"line":16,"column":31}},"16":{"start":{"line":17,"column":0},"end":{"line":17,"column":0}},"17":{"start":{"line":18,"column":0},"end":{"line":18,"column":21}},"18":{"start":{"line":19,"column":0},"end":{"line":19,"column":18}},"19":{"start":{"line":20,"column":0},"end":{"line":20,"column":63}},"20":{"start":{"line":21,"column":0},"end":{"line":21,"column":4}},"21":{"start":{"line":22,"column":0},"end":{"line":22,"column":0}},"22":{"start":{"line":23,"column":0},"end":{"line":23,"column":1}}},"s":{"0":1,"1":1,"2":1,"3":1,"4":5,"5":5,"6":5,"7":1,"8":1,"9":2,"10":2,"11":2,"12":2,"13":5,"14":1,"15":1,"16":1,"17":1,"18":5,"19":1,"20":1,"21":0,"22":0},"branchMap":{"0":{"type":"branch","line":4,"loc":{"start":{"line":4,"column":17},"end":{"line":23,"column":1}},"locations":[{"start":{"line":4,"column":17},"end":{"line":23,"column":1}}]},"1":{"type":"branch","line":7,"loc":{"start":{"line":7,"column":20},"end":{"line":9,"column":4}},"locations":[{"start":{"line":7,"column":20},"end":{"line":9,"column":4}}]},"2":{"type":"branch","line":10,"loc":{"start":{"line":10,"column":-1},"end":{"line":14,"column":14}},"locations":[{"start":{"line":10,"column":-1},"end":{"line":14,"column":14}}]},"3":{"type":"branch","line":14,"loc":{"start":{"line":14,"column":8},"end":{"line":19,"column":5}},"locations":[{"start":{"line":14,"column":8},"end":{"line":19,"column":5}}]},"4":{"type":"branch","line":19,"loc":{"start":{"line":19,"column":4},"end":{"line":19,"column":5}},"locations":[{"start":{"line":19,"column":4},"end":{"line":19,"column":5}}]},"5":{"type":"branch","line":19,"loc":{"start":{"line":19,"column":5},"end":{"line":21,"column":4}},"locations":[{"start":{"line":19,"column":5},"end":{"line":21,"column":4}}]},"6":{"type":"branch","line":22,"loc":{"start":{"line":22,"column":-1},"end":{"line":23,"column":1}},"locations":[{"start":{"line":22,"column":-1},"end":{"line":23,"column":1}}]}},"b":{"0":[5],"1":[1],"2":[2],"3":[1],"4":[0],"5":[1],"6":[0]},"fnMap":{"0":{"name":"Object.<anonymous>.module.exports","decl":{"start":{"line":4,"column":17},"end":{"line":23,"column":1}},"loc":{"start":{"line":4,"column":17},"end":{"line":23,"column":1}},"line":4}},"f":{"0":5}}
,"/home/cassiocappellari/projetos/node-tdd-jest-app/src/app/models/User.js": {"path":"/home/cassiocappellari/projetos/node-tdd-jest-app/src/app/models/User.js","all":false,"statementMap":{"0":{"start":{"line":1,"column":0},"end":{"line":1,"column":34}},"1":{"start":{"line":2,"column":0},"end":{"line":2,"column":35}},"2":{"start":{"line":3,"column":0},"end":{"line":3,"column":0}},"3":{"start":{"line":4,"column":0},"end":{"line":4,"column":44}},"4":{"start":{"line":5,"column":0},"end":{"line":5,"column":43}},"5":{"start":{"line":6,"column":0},"end":{"line":6,"column":31}},"6":{"start":{"line":7,"column":0},"end":{"line":7,"column":32}},"7":{"start":{"line":8,"column":0},"end":{"line":8,"column":36}},"8":{"start":{"line":9,"column":0},"end":{"line":9,"column":39}},"9":{"start":{"line":10,"column":0},"end":{"line":10,"column":8}},"10":{"start":{"line":11,"column":0},"end":{"line":11,"column":16}},"11":{"start":{"line":12,"column":0},"end":{"line":12,"column":39}},"12":{"start":{"line":13,"column":0},"end":{"line":13,"column":36}},"13":{"start":{"line":14,"column":0},"end":{"line":14,"column":76}},"14":{"start":{"line":15,"column":0},"end":{"line":15,"column":17}},"15":{"start":{"line":16,"column":0},"end":{"line":16,"column":13}},"16":{"start":{"line":17,"column":0},"end":{"line":17,"column":9}},"17":{"start":{"line":18,"column":0},"end":{"line":18,"column":6}},"18":{"start":{"line":19,"column":0},"end":{"line":19,"column":0}},"19":{"start":{"line":20,"column":0},"end":{"line":20,"column":55}},"20":{"start":{"line":21,"column":0},"end":{"line":21,"column":59}},"21":{"start":{"line":22,"column":0},"end":{"line":22,"column":5}},"22":{"start":{"line":23,"column":0},"end":{"line":23,"column":0}},"23":{"start":{"line":24,"column":0},"end":{"line":24,"column":47}},"24":{"start":{"line":25,"column":0},"end":{"line":25,"column":62}},"25":{"start":{"line":26,"column":0},"end":{"line":26,"column":5}},"26":{"start":{"line":27,"column":0},"end":{"line":27,"column":0}},"27":{"start":{"line":28,"column":0},"end":{"line":28,"column":15}},"28":{"start":{"line":29,"column":0},"end":{"line":29,"column":1}}},"s":{"0":1,"1":1,"2":1,"3":1,"4":1,"5":1,"6":1,"7":1,"8":1,"9":1,"10":1,"11":1,"12":8,"13":4,"14":4,"15":4,"16":1,"17":1,"18":1,"19":1,"20":3,"21":3,"22":1,"23":1,"24":3,"25":3,"26":1,"27":1,"28":1},"branchMap":{"0":{"type":"branch","line":4,"loc":{"start":{"line":4,"column":17},"end":{"line":29,"column":1}},"locations":[{"start":{"line":4,"column":17},"end":{"line":29,"column":1}}]},"1":{"type":"branch","line":12,"loc":{"start":{"line":12,"column":24},"end":{"line":16,"column":13}},"locations":[{"start":{"line":12,"column":24},"end":{"line":16,"column":13}}]},"2":{"type":"branch","line":13,"loc":{"start":{"line":13,"column":35},"end":{"line":16,"column":13}},"locations":[{"start":{"line":13,"column":35},"end":{"line":16,"column":13}}]},"3":{"type":"branch","line":20,"loc":{"start":{"line":20,"column":35},"end":{"line":22,"column":5}},"locations":[{"start":{"line":20,"column":35},"end":{"line":22,"column":5}}]},"4":{"type":"branch","line":24,"loc":{"start":{"line":24,"column":35},"end":{"line":26,"column":5}},"locations":[{"start":{"line":24,"column":35},"end":{"line":26,"column":5}}]}},"b":{"0":[1],"1":[8],"2":[4],"3":[3],"4":[3]},"fnMap":{"0":{"name":"Object.<anonymous>.module.exports","decl":{"start":{"line":4,"column":17},"end":{"line":29,"column":1}},"loc":{"start":{"line":4,"column":17},"end":{"line":29,"column":1}},"line":4},"1":{"name":"beforeSave","decl":{"start":{"line":12,"column":24},"end":{"line":16,"column":13}},"loc":{"start":{"line":12,"column":24},"end":{"line":16,"column":13}},"line":12},"2":{"name":"User.checkPassword","decl":{"start":{"line":20,"column":35},"end":{"line":22,"column":5}},"loc":{"start":{"line":20,"column":35},"end":{"line":22,"column":5}},"line":20},"3":{"name":"User.generateToken","decl":{"start":{"line":24,"column":35},"end":{"line":26,"column":5}},"loc":{"start":{"line":24,"column":35},"end":{"line":26,"column":5}},"line":24}},"f":{"0":1,"1":8,"2":3,"3":3}}
,"/home/cassiocappellari/projetos/node-tdd-jest-app/src/app/models/index.js": {"path":"/home/cassiocappellari/projetos/node-tdd-jest-app/src/app/models/index.js","all":false,"statementMap":{"0":{"start":{"line":1,"column":0},"end":{"line":1,"column":12}},"1":{"start":{"line":2,"column":0},"end":{"line":2,"column":0}},"2":{"start":{"line":3,"column":0},"end":{"line":3,"column":24}},"3":{"start":{"line":4,"column":0},"end":{"line":4,"column":28}},"4":{"start":{"line":5,"column":0},"end":{"line":5,"column":38}},"5":{"start":{"line":6,"column":0},"end":{"line":6,"column":42}},"6":{"start":{"line":7,"column":0},"end":{"line":7,"column":47}},"7":{"start":{"line":8,"column":0},"end":{"line":8,"column":13}},"8":{"start":{"line":9,"column":0},"end":{"line":9,"column":0}},"9":{"start":{"line":10,"column":0},"end":{"line":10,"column":32}},"10":{"start":{"line":11,"column":0},"end":{"line":11,"column":19}},"11":{"start":{"line":12,"column":0},"end":{"line":12,"column":19}},"12":{"start":{"line":13,"column":0},"end":{"line":13,"column":19}},"13":{"start":{"line":14,"column":0},"end":{"line":14,"column":8}},"14":{"start":{"line":15,"column":0},"end":{"line":15,"column":1}},"15":{"start":{"line":16,"column":0},"end":{"line":16,"column":0}},"16":{"start":{"line":17,"column":0},"end":{"line":17,"column":2}},"17":{"start":{"line":18,"column":0},"end":{"line":18,"column":25}},"18":{"start":{"line":19,"column":0},"end":{"line":19,"column":19}},"19":{"start":{"line":20,"column":0},"end":{"line":20,"column":89}},"20":{"start":{"line":21,"column":0},"end":{"line":21,"column":4}},"21":{"start":{"line":22,"column":0},"end":{"line":22,"column":20}},"22":{"start":{"line":23,"column":0},"end":{"line":23,"column":85}},"23":{"start":{"line":24,"column":0},"end":{"line":24,"column":26}},"24":{"start":{"line":25,"column":0},"end":{"line":25,"column":4}},"25":{"start":{"line":26,"column":0},"end":{"line":26,"column":0}},"26":{"start":{"line":27,"column":0},"end":{"line":27,"column":38}},"27":{"start":{"line":28,"column":0},"end":{"line":28,"column":32}},"28":{"start":{"line":29,"column":0},"end":{"line":29,"column":31}},"29":{"start":{"line":30,"column":0},"end":{"line":30,"column":3}},"30":{"start":{"line":31,"column":0},"end":{"line":31,"column":2}},"31":{"start":{"line":32,"column":0},"end":{"line":32,"column":0}},"32":{"start":{"line":33,"column":0},"end":{"line":33,"column":24}},"33":{"start":{"line":34,"column":0},"end":{"line":34,"column":24}},"34":{"start":{"line":35,"column":0},"end":{"line":35,"column":0}},"35":{"start":{"line":36,"column":0},"end":{"line":36,"column":19}}},"s":{"0":1,"1":1,"2":1,"3":1,"4":1,"5":1,"6":1,"7":1,"8":1,"9":1,"10":1,"11":1,"12":1,"13":1,"14":1,"15":1,"16":1,"17":1,"18":1,"19":2,"20":2,"21":1,"22":1,"23":1,"24":1,"25":1,"26":1,"27":1,"28":0,"29":0,"30":1,"31":1,"32":1,"33":1,"34":1,"35":1},"branchMap":{"0":{"type":"branch","line":19,"loc":{"start":{"line":19,"column":10},"end":{"line":21,"column":4}},"locations":[{"start":{"line":19,"column":10},"end":{"line":21,"column":4}}]},"1":{"type":"branch","line":20,"loc":{"start":{"line":20,"column":11},"end":{"line":20,"column":89}},"locations":[{"start":{"line":20,"column":11},"end":{"line":20,"column":89}}]},"2":{"type":"branch","line":22,"loc":{"start":{"line":22,"column":11},"end":{"line":25,"column":4}},"locations":[{"start":{"line":22,"column":11},"end":{"line":25,"column":4}}]},"3":{"type":"branch","line":27,"loc":{"start":{"line":27,"column":24},"end":{"line":31,"column":2}},"locations":[{"start":{"line":27,"column":24},"end":{"line":31,"column":2}}]},"4":{"type":"branch","line":28,"loc":{"start":{"line":28,"column":31},"end":{"line":30,"column":3}},"locations":[{"start":{"line":28,"column":31},"end":{"line":30,"column":3}}]}},"b":{"0":[2],"1":[1],"2":[1],"3":[1],"4":[0]},"fnMap":{"0":{"name":"Object.<anonymous>.fs.readdirSync.filter.file","decl":{"start":{"line":19,"column":10},"end":{"line":21,"column":4}},"loc":{"start":{"line":19,"column":10},"end":{"line":21,"column":4}},"line":19},"1":{"name":"Object.<anonymous>.fs.readdirSync.filter.forEach.file","decl":{"start":{"line":22,"column":11},"end":{"line":25,"column":4}},"loc":{"start":{"line":22,"column":11},"end":{"line":25,"column":4}},"line":22},"2":{"name":"Object.<anonymous>.Object.keys.forEach.modelName","decl":{"start":{"line":27,"column":24},"end":{"line":31,"column":2}},"loc":{"start":{"line":27,"column":24},"end":{"line":31,"column":2}},"line":27}},"f":{"0":2,"1":1,"2":1}}
,"/home/cassiocappellari/projetos/node-tdd-jest-app/src/config/database.js": {"path":"/home/cassiocappellari/projetos/node-tdd-jest-app/src/config/database.js","all":false,"statementMap":{"0":{"start":{"line":1,"column":0},"end":{"line":1,"column":26}},"1":{"start":{"line":2,"column":0},"end":{"line":2,"column":73}},"2":{"start":{"line":3,"column":0},"end":{"line":3,"column":2}},"3":{"start":{"line":4,"column":0},"end":{"line":4,"column":0}},"4":{"start":{"line":5,"column":0},"end":{"line":5,"column":18}},"5":{"start":{"line":6,"column":0},"end":{"line":6,"column":28}},"6":{"start":{"line":7,"column":0},"end":{"line":7,"column":36}},"7":{"start":{"line":8,"column":0},"end":{"line":8,"column":36}},"8":{"start":{"line":9,"column":0},"end":{"line":9,"column":34}},"9":{"start":{"line":10,"column":0},"end":{"line":10,"column":48}},"10":{"start":{"line":11,"column":0},"end":{"line":11,"column":37}},"11":{"start":{"line":12,"column":0},"end":{"line":12,"column":17}},"12":{"start":{"line":13,"column":0},"end":{"line":13,"column":11}},"13":{"start":{"line":14,"column":0},"end":{"line":14,"column":21}},"14":{"start":{"line":15,"column":0},"end":{"line":15,"column":22}},"15":{"start":{"line":16,"column":0},"end":{"line":16,"column":24}},"16":{"start":{"line":17,"column":0},"end":{"line":17,"column":3}},"17":{"start":{"line":18,"column":0},"end":{"line":18,"column":1}}},"s":{"0":1,"1":1,"2":1,"3":1,"4":1,"5":1,"6":1,"7":1,"8":1,"9":1,"10":1,"11":1,"12":1,"13":1,"14":1,"15":1,"16":1,"17":1},"branchMap":{"0":{"type":"branch","line":2,"loc":{"start":{"line":2,"column":8},"end":{"line":2,"column":73}},"locations":[{"start":{"line":2,"column":8},"end":{"line":2,"column":73}}]},"1":{"type":"branch","line":10,"loc":{"start":{"line":10,"column":11},"end":{"line":10,"column":48}},"locations":[{"start":{"line":10,"column":11},"end":{"line":10,"column":48}}]}},"b":{"0":[0],"1":[0]},"fnMap":{},"f":{}}
,"/home/cassiocappellari/projetos/node-tdd-jest-app/src/database/migrations/20201224212453-create-users.js": {"path":"/home/cassiocappellari/projetos/node-tdd-jest-app/src/database/migrations/20201224212453-create-users.js","all":true,"statementMap":{"0":{"start":{"line":1,"column":0},"end":{"line":1,"column":12}},"1":{"start":{"line":2,"column":0},"end":{"line":2,"column":0}},"2":{"start":{"line":3,"column":0},"end":{"line":3,"column":18}},"3":{"start":{"line":4,"column":0},"end":{"line":4,"column":44}},"4":{"start":{"line":5,"column":0},"end":{"line":5,"column":48}},"5":{"start":{"line":6,"column":0},"end":{"line":6,"column":11}},"6":{"start":{"line":7,"column":0},"end":{"line":7,"column":32}},"7":{"start":{"line":8,"column":0},"end":{"line":8,"column":25}},"8":{"start":{"line":9,"column":0},"end":{"line":9,"column":28}},"9":{"start":{"line":10,"column":0},"end":{"line":10,"column":24}},"10":{"start":{"line":11,"column":0},"end":{"line":11,"column":8}},"11":{"start":{"line":12,"column":0},"end":{"line":12,"column":13}},"12":{"start":{"line":13,"column":0},"end":{"line":13,"column":31}},"13":{"start":{"line":14,"column":0},"end":{"line":14,"column":24}},"14":{"start":{"line":15,"column":0},"end":{"line":15,"column":8}},"15":{"start":{"line":16,"column":0},"end":{"line":16,"column":14}},"16":{"start":{"line":17,"column":0},"end":{"line":17,"column":31}},"17":{"start":{"line":18,"column":0},"end":{"line":18,"column":21}},"18":{"start":{"line":19,"column":0},"end":{"line":19,"column":24}},"19":{"start":{"line":20,"column":0},"end":{"line":20,"column":8}},"20":{"start":{"line":21,"column":0},"end":{"line":21,"column":22}},"21":{"start":{"line":22,"column":0},"end":{"line":22,"column":31}},"22":{"start":{"line":23,"column":0},"end":{"line":23,"column":24}},"23":{"start":{"line":24,"column":0},"end":{"line":24,"column":8}},"24":{"start":{"line":25,"column":0},"end":{"line":25,"column":19}},"25":{"start":{"line":26,"column":0},"end":{"line":26,"column":29}},"26":{"start":{"line":27,"column":0},"end":{"line":27,"column":24}},"27":{"start":{"line":28,"column":0},"end":{"line":28,"column":8}},"28":{"start":{"line":29,"column":0},"end":{"line":29,"column":19}},"29":{"start":{"line":30,"column":0},"end":{"line":30,"column":29}},"30":{"start":{"line":31,"column":0},"end":{"line":31,"column":24}},"31":{"start":{"line":32,"column":0},"end":{"line":32,"column":7}},"32":{"start":{"line":33,"column":0},"end":{"line":33,"column":6}},"33":{"start":{"line":34,"column":0},"end":{"line":34,"column":4}},"34":{"start":{"line":35,"column":0},"end":{"line":35,"column":0}},"35":{"start":{"line":36,"column":0},"end":{"line":36,"column":46}},"36":{"start":{"line":37,"column":0},"end":{"line":37,"column":44}},"37":{"start":{"line":38,"column":0},"end":{"line":38,"column":3}},"38":{"start":{"line":39,"column":0},"end":{"line":39,"column":1}}},"s":{"0":0,"1":0,"2":0,"3":0,"4":0,"5":0,"6":0,"7":0,"8":0,"9":0,"10":0,"11":0,"12":0,"13":0,"14":0,"15":0,"16":0,"17":0,"18":0,"19":0,"20":0,"21":0,"22":0,"23":0,"24":0,"25":0,"26":0,"27":0,"28":0,"29":0,"30":0,"31":0,"32":0,"33":0,"34":0,"35":0,"36":0,"37":0,"38":0},"branchMap":{"0":{"type":"branch","line":1,"loc":{"start":{"line":1,"column":0},"end":{"line":39,"column":1}},"locations":[{"start":{"line":1,"column":0},"end":{"line":39,"column":1}}]}},"b":{"0":[0]},"fnMap":{"0":{"name":"(empty-report)","decl":{"start":{"line":1,"column":0},"end":{"line":39,"column":1}},"loc":{"start":{"line":1,"column":0},"end":{"line":39,"column":1}},"line":1}},"f":{"0":0}}
}
