TN:
SF:src/app.js
FN:8,AppController
FN:15,middlewares
FN:20,routes
FNF:3
FNH:3
FNDA:1,AppController
FNDA:1,middlewares
FNDA:1,routes
DA:1,1
DA:2,1
DA:3,1
DA:4,1
DA:5,1
DA:6,1
DA:7,1
DA:8,1
DA:9,1
DA:10,1
DA:11,1
DA:12,1
DA:13,1
DA:14,1
DA:15,1
DA:16,1
DA:17,1
DA:18,1
DA:19,1
DA:20,1
DA:21,1
DA:22,1
DA:23,1
DA:24,1
DA:25,1
LF:25
LH:25
BRDA:2,0,0,0
BRDA:8,1,0,1
BRDA:15,2,0,1
BRDA:20,3,0,1
BRF:4
BRH:3
end_of_record
TN:
SF:src/routes.js
FNF:0
FNH:0
DA:1,1
DA:2,1
DA:3,1
DA:4,1
DA:5,1
DA:6,1
DA:7,1
DA:8,1
DA:9,1
DA:10,1
DA:11,1
DA:12,1
DA:13,1
LF:13
LH:13
BRF:0
BRH:0
end_of_record
TN:
SF:src/app/controllers/SessionController.js
FN:3,SessionController
FN:4,show
FN:7,store
FNF:3
FNH:3
FNDA:1,SessionController
FNDA:1,show
FNDA:9,store
DA:1,1
DA:2,1
DA:3,1
DA:4,1
DA:5,1
DA:6,0
DA:7,1
DA:8,9
DA:9,9
DA:10,9
DA:11,3
DA:12,9
DA:13,0
DA:14,0
DA:15,3
DA:16,9
DA:17,1
DA:18,1
DA:19,2
DA:20,9
DA:21,0
DA:22,0
DA:23,0
DA:24,0
DA:25,1
DA:26,1
DA:27,1
LF:27
LH:20
BRDA:3,0,0,1
BRDA:4,1,0,1
BRDA:5,2,0,0
BRDA:7,3,0,9
BRDA:10,4,0,3
BRDA:12,5,0,0
BRDA:15,6,0,3
BRDA:16,7,0,1
BRDA:19,8,0,2
BRDA:20,9,0,0
BRF:10
BRH:7
end_of_record
TN:
SF:src/app/controllers/UserController.js
FN:3,UserController
FN:4,post
FNF:2
FNH:2
FNDA:1,UserController
FNDA:2,post
DA:1,1
DA:2,1
DA:3,1
DA:4,1
DA:5,2
DA:6,2
DA:7,2
DA:8,2
DA:9,2
DA:10,2
DA:11,2
DA:12,2
DA:13,2
DA:14,2
DA:15,2
DA:16,2
DA:17,2
DA:18,2
DA:19,2
DA:20,2
DA:21,1
DA:22,1
DA:23,1
DA:24,0
DA:25,0
DA:26,0
DA:27,1
DA:28,1
DA:29,1
LF:29
LH:26
BRDA:3,0,0,1
BRDA:4,1,0,2
BRDA:19,2,0,0
BRDA:20,3,0,1
BRDA:24,4,0,0
BRF:5
BRH:3
end_of_record
TN:
SF:src/app/middleware/auth.js
FN:4,Object.<anonymous>.module.exports
FNF:1
FNH:1
FNDA:5,Object.<anonymous>.module.exports
DA:1,1
DA:2,1
DA:3,1
DA:4,1
DA:5,5
DA:6,5
DA:7,5
DA:8,1
DA:9,1
DA:10,2
DA:11,2
DA:12,2
DA:13,2
DA:14,5
DA:15,1
DA:16,1
DA:17,1
DA:18,1
DA:19,5
DA:20,1
DA:21,1
DA:22,0
DA:23,0
LF:23
LH:21
BRDA:4,0,0,5
BRDA:7,1,0,1
BRDA:10,2,0,2
BRDA:14,3,0,1
BRDA:19,4,0,0
BRDA:19,5,0,1
BRDA:22,6,0,0
BRF:7
BRH:5
end_of_record
TN:
SF:src/app/models/User.js
FN:4,Object.<anonymous>.module.exports
FN:12,beforeSave
FN:20,User.checkPassword
FN:24,User.generateToken
FNF:4
FNH:4
FNDA:1,Object.<anonymous>.module.exports
FNDA:11,beforeSave
FNDA:3,User.checkPassword
FNDA:3,User.generateToken
DA:1,1
DA:2,1
DA:3,1
DA:4,1
DA:5,1
DA:6,1
DA:7,1
DA:8,1
DA:9,1
DA:10,1
DA:11,1
DA:12,1
DA:13,11
DA:14,5
DA:15,5
DA:16,6
DA:17,1
DA:18,1
DA:19,1
DA:20,1
DA:21,3
DA:22,3
DA:23,1
DA:24,1
DA:25,3
DA:26,3
DA:27,1
DA:28,1
DA:29,1
LF:29
LH:29
BRDA:4,0,0,1
BRDA:12,1,0,11
BRDA:13,2,0,5
BRDA:16,3,0,6
BRDA:20,4,0,3
BRDA:24,5,0,3
BRF:6
BRH:6
end_of_record
TN:
SF:src/app/models/index.js
FN:19,Object.<anonymous>.fs.readdirSync.filter.file
FN:22,Object.<anonymous>.fs.readdirSync.filter.forEach.file
FN:27,Object.<anonymous>.Object.keys.forEach.modelName
FNF:3
FNH:3
FNDA:2,Object.<anonymous>.fs.readdirSync.filter.file
FNDA:1,Object.<anonymous>.fs.readdirSync.filter.forEach.file
FNDA:1,Object.<anonymous>.Object.keys.forEach.modelName
DA:1,1
DA:2,1
DA:3,1
DA:4,1
DA:5,1
DA:6,1
DA:7,1
DA:8,1
DA:9,1
DA:10,1
DA:11,1
DA:12,1
DA:13,1
DA:14,1
DA:15,1
DA:16,1
DA:17,1
DA:18,1
DA:19,1
DA:20,2
DA:21,2
DA:22,1
DA:23,1
DA:24,1
DA:25,1
DA:26,1
DA:27,1
DA:28,1
DA:29,0
DA:30,0
DA:31,1
DA:32,1
DA:33,1
DA:34,1
DA:35,1
DA:36,1
LF:36
LH:34
BRDA:19,0,0,2
BRDA:20,1,0,1
BRDA:22,2,0,1
BRDA:27,3,0,1
BRDA:28,4,0,0
BRF:5
BRH:4
end_of_record
TN:
SF:src/config/database.js
FNF:0
FNH:0
DA:1,1
DA:2,1
DA:3,1
DA:4,1
DA:5,1
DA:6,1
DA:7,1
DA:8,1
DA:9,1
DA:10,1
DA:11,1
DA:12,1
DA:13,1
DA:14,1
DA:15,1
DA:16,1
DA:17,1
DA:18,1
LF:18
LH:18
BRDA:2,0,0,0
BRDA:10,1,0,0
BRF:2
BRH:0
end_of_record
