TN:
SF:src/app.js
FN:8,AppController
FN:15,middlewares
FN:20,routes
FNF:3
FNH:3
FNDA:1,AppController
FNDA:1,middlewares
FNDA:1,routes
DA:1,1
DA:2,1
DA:3,1
DA:4,1
DA:5,1
DA:6,1
DA:7,1
DA:8,1
DA:9,1
DA:10,1
DA:11,1
DA:12,1
DA:13,1
DA:14,1
DA:15,1
DA:16,1
DA:17,1
DA:18,1
DA:19,1
DA:20,1
DA:21,1
DA:22,1
DA:23,1
DA:24,1
DA:25,1
LF:25
LH:25
BRDA:2,0,0,0
BRDA:8,1,0,1
BRDA:15,2,0,1
BRDA:20,3,0,1
BRF:4
BRH:3
end_of_record
TN:
SF:src/routes.js
FN:9,Object.<anonymous>.routes.get
FNF:1
FNH:1
FNDA:1,Object.<anonymous>.routes.get
DA:1,1
DA:2,1
DA:3,1
DA:4,1
DA:5,1
DA:6,1
DA:7,1
DA:8,1
DA:9,1
DA:10,1
DA:11,1
DA:12,1
DA:13,1
LF:13
LH:13
BRDA:9,0,0,1
BRF:1
BRH:1
end_of_record
TN:
SF:src/server.js
FN:1,(empty-report)
FNF:1
FNH:0
FNDA:0,(empty-report)
DA:1,0
DA:2,0
DA:3,0
LF:3
LH:0
BRDA:1,0,0,0
BRF:1
BRH:0
end_of_record
TN:
SF:src/app/controllers/SessionController.js
FN:3,SessionController
FN:4,store
FNF:2
FNH:2
FNDA:1,SessionController
FNDA:9,store
DA:1,1
DA:2,1
DA:3,1
DA:4,1
DA:5,9
DA:6,9
DA:7,9
DA:8,3
DA:9,9
DA:10,0
DA:11,0
DA:12,3
DA:13,9
DA:14,1
DA:15,1
DA:16,2
DA:17,9
DA:18,0
DA:19,0
DA:20,0
DA:21,0
DA:22,1
DA:23,1
DA:24,1
LF:24
LH:18
BRDA:3,0,0,1
BRDA:4,1,0,9
BRDA:7,2,0,3
BRDA:9,3,0,0
BRDA:12,4,0,3
BRDA:13,5,0,1
BRDA:16,6,0,2
BRDA:17,7,0,0
BRF:8
BRH:6
end_of_record
TN:
SF:src/app/middleware/auth.js
FN:4,Object.<anonymous>.module.exports
FNF:1
FNH:1
FNDA:5,Object.<anonymous>.module.exports
DA:1,1
DA:2,1
DA:3,1
DA:4,1
DA:5,5
DA:6,5
DA:7,5
DA:8,1
DA:9,1
DA:10,2
DA:11,2
DA:12,2
DA:13,2
DA:14,5
DA:15,1
DA:16,1
DA:17,1
DA:18,1
DA:19,5
DA:20,1
DA:21,1
DA:22,0
DA:23,0
LF:23
LH:21
BRDA:4,0,0,5
BRDA:7,1,0,1
BRDA:10,2,0,2
BRDA:14,3,0,1
BRDA:19,4,0,0
BRDA:19,5,0,1
BRDA:22,6,0,0
BRF:7
BRH:5
end_of_record
TN:
SF:src/app/models/User.js
FN:4,Object.<anonymous>.module.exports
FN:12,beforeSave
FN:20,User.checkPassword
FN:24,User.generateToken
FNF:4
FNH:4
FNDA:1,Object.<anonymous>.module.exports
FNDA:8,beforeSave
FNDA:3,User.checkPassword
FNDA:3,User.generateToken
DA:1,1
DA:2,1
DA:3,1
DA:4,1
DA:5,1
DA:6,1
DA:7,1
DA:8,1
DA:9,1
DA:10,1
DA:11,1
DA:12,1
DA:13,8
DA:14,4
DA:15,4
DA:16,4
DA:17,1
DA:18,1
DA:19,1
DA:20,1
DA:21,3
DA:22,3
DA:23,1
DA:24,1
DA:25,3
DA:26,3
DA:27,1
DA:28,1
DA:29,1
LF:29
LH:29
BRDA:4,0,0,1
BRDA:12,1,0,8
BRDA:13,2,0,4
BRDA:20,3,0,3
BRDA:24,4,0,3
BRF:5
BRH:5
end_of_record
TN:
SF:src/app/models/index.js
FN:19,Object.<anonymous>.fs.readdirSync.filter.file
FN:22,Object.<anonymous>.fs.readdirSync.filter.forEach.file
FN:27,Object.<anonymous>.Object.keys.forEach.modelName
FNF:3
FNH:3
FNDA:2,Object.<anonymous>.fs.readdirSync.filter.file
FNDA:1,Object.<anonymous>.fs.readdirSync.filter.forEach.file
FNDA:1,Object.<anonymous>.Object.keys.forEach.modelName
DA:1,1
DA:2,1
DA:3,1
DA:4,1
DA:5,1
DA:6,1
DA:7,1
DA:8,1
DA:9,1
DA:10,1
DA:11,1
DA:12,1
DA:13,1
DA:14,1
DA:15,1
DA:16,1
DA:17,1
DA:18,1
DA:19,1
DA:20,2
DA:21,2
DA:22,1
DA:23,1
DA:24,1
DA:25,1
DA:26,1
DA:27,1
DA:28,1
DA:29,0
DA:30,0
DA:31,1
DA:32,1
DA:33,1
DA:34,1
DA:35,1
DA:36,1
LF:36
LH:34
BRDA:19,0,0,2
BRDA:20,1,0,1
BRDA:22,2,0,1
BRDA:27,3,0,1
BRDA:28,4,0,0
BRF:5
BRH:4
end_of_record
TN:
SF:src/config/database.js
FNF:0
FNH:0
DA:1,1
DA:2,1
DA:3,1
DA:4,1
DA:5,1
DA:6,1
DA:7,1
DA:8,1
DA:9,1
DA:10,1
DA:11,1
DA:12,1
DA:13,1
DA:14,1
DA:15,1
DA:16,1
DA:17,1
DA:18,1
LF:18
LH:18
BRDA:2,0,0,0
BRDA:10,1,0,0
BRF:2
BRH:0
end_of_record
TN:
SF:src/database/migrations/20201224212453-create-users.js
FN:1,(empty-report)
FNF:1
FNH:0
FNDA:0,(empty-report)
DA:1,0
DA:2,0
DA:3,0
DA:4,0
DA:5,0
DA:6,0
DA:7,0
DA:8,0
DA:9,0
DA:10,0
DA:11,0
DA:12,0
DA:13,0
DA:14,0
DA:15,0
DA:16,0
DA:17,0
DA:18,0
DA:19,0
DA:20,0
DA:21,0
DA:22,0
DA:23,0
DA:24,0
DA:25,0
DA:26,0
DA:27,0
DA:28,0
DA:29,0
DA:30,0
DA:31,0
DA:32,0
DA:33,0
DA:34,0
DA:35,0
DA:36,0
DA:37,0
DA:38,0
DA:39,0
LF:39
LH:0
BRDA:1,0,0,0
BRF:1
BRH:0
end_of_record
